#! /c/Source/iverilog-install/bin/vvp
:ivl_version "12.0 (devel)" "(s20150603-1539-g2693dd32b)";
:ivl_delay_selection "TYPICAL";
:vpi_time_precision + 0;
:vpi_module "C:\iverilog\lib\ivl\system.vpi";
:vpi_module "C:\iverilog\lib\ivl\vhdl_sys.vpi";
:vpi_module "C:\iverilog\lib\ivl\vhdl_textio.vpi";
:vpi_module "C:\iverilog\lib\ivl\v2005_math.vpi";
:vpi_module "C:\iverilog\lib\ivl\va_math.vpi";
S_000001424b2ead90 .scope module, "uart_test" "uart_test" 2 47;
 .timescale 0 0;
v000001424b2ebb80_0 .var "in", 7 0;
v000001424b2ebc20_0 .net "out", 7 0, v000001424b2ee4a0_0;  1 drivers
v000001424b2ebcc0_0 .var "trans", 0 0;
S_000001424b2ee130 .scope module, "uut" "uart" 2 53, 2 2 0, S_000001424b2ead90;
 .timescale 0 0;
    .port_info 0 /INPUT 8 "in";
    .port_info 1 /OUTPUT 8 "out";
    .port_info 2 /INPUT 1 "trans";
v000001424b2ee2c0_0 .var "Rx", 11 0;
v000001424b302910_0 .var "Tx", 11 0;
v000001424b2ee360_0 .var/i "i", 31 0;
v000001424b2ee400_0 .net "in", 7 0, v000001424b2ebb80_0;  1 drivers
v000001424b2ee4a0_0 .var "out", 7 0;
v000001424b2eb900_0 .var "parity_bit", 0 0;
v000001424b2eb9a0_0 .var "start_bit", 0 0;
v000001424b2eba40_0 .var "stop_bit", 1 0;
v000001424b2ebae0_0 .net "trans", 0 0, v000001424b2ebcc0_0;  1 drivers
E_000001424b338d20 .event negedge, v000001424b2ebae0_0;
E_000001424b339560 .event posedge, v000001424b2ebae0_0;
    .scope S_000001424b2ee130;
T_0 ;
    %pushi/vec4 1, 0, 1;
    %store/vec4 v000001424b2eb9a0_0, 0, 1;
    %pushi/vec4 3, 0, 2;
    %store/vec4 v000001424b2eba40_0, 0, 2;
    %end;
    .thread T_0;
    .scope S_000001424b2ee130;
T_1 ;
    %wait E_000001424b339560;
    %load/vec4 v000001424b2ebae0_0;
    %flag_set/vec4 8;
    %jmp/0xz  T_1.0, 8;
    %pushi/vec4 0, 0, 1;
    %store/vec4 v000001424b2eb9a0_0, 0, 1;
    %load/vec4 v000001424b2ee400_0;
    %xor/r;
    %flag_set/vec4 8;
    %jmp/0 T_1.2, 8;
    %pushi/vec4 1, 0, 2;
    %jmp/1 T_1.3, 8;
T_1.2 ; End of true expr.
    %pushi/vec4 0, 0, 2;
    %jmp/0 T_1.3, 8;
 ; End of false expr.
    %blend;
T_1.3;
    %pad/s 1;
    %store/vec4 v000001424b2eb900_0, 0, 1;
    %load/vec4 v000001424b2eb9a0_0;
    %load/vec4 v000001424b2ee400_0;
    %concat/vec4; draw_concat_vec4
    %load/vec4 v000001424b2eb900_0;
    %concat/vec4; draw_concat_vec4
    %load/vec4 v000001424b2eba40_0;
    %concat/vec4; draw_concat_vec4
    %store/vec4 v000001424b302910_0, 0, 12;
T_1.0 ;
    %jmp T_1;
    .thread T_1;
    .scope S_000001424b2ee130;
T_2 ;
    %wait E_000001424b338d20;
    %pushi/vec4 0, 0, 32;
    %store/vec4 v000001424b2ee360_0, 0, 32;
T_2.0 ;
    %load/vec4 v000001424b2ee360_0;
    %cmpi/s 12, 0, 32;
    %jmp/0xz T_2.1, 5;
    %delay 5, 0;
    %load/vec4 v000001424b302910_0;
    %load/vec4 v000001424b2ee360_0;
    %part/s 1;
    %ix/getv/s 4, v000001424b2ee360_0;
    %store/vec4 v000001424b2ee2c0_0, 4, 1;
    %load/vec4 v000001424b2ee360_0;
    %addi 1, 0, 32;
    %store/vec4 v000001424b2ee360_0, 0, 32;
    %jmp T_2.0;
T_2.1 ;
    %pushi/vec4 1, 0, 1;
    %store/vec4 v000001424b2eb9a0_0, 0, 1;
    %load/vec4 v000001424b2ee2c0_0;
    %parti/s 8, 3, 3;
    %store/vec4 v000001424b2ee4a0_0, 0, 8;
    %jmp T_2;
    .thread T_2;
    .scope S_000001424b2ead90;
T_3 ;
    %pushi/vec4 178, 0, 8;
    %store/vec4 v000001424b2ebb80_0, 0, 8;
    %pushi/vec4 0, 0, 1;
    %store/vec4 v000001424b2ebcc0_0, 0, 1;
    %vpi_call 2 61 "$dumpfile", "uart_test.vcd" {0 0 0};
    %vpi_call 2 62 "$dumpvars", 32'sb00000000000000000000000000000000, S_000001424b2ead90 {0 0 0};
    %end;
    .thread T_3;
    .scope S_000001424b2ead90;
T_4 ;
    %delay 30, 0;
    %pushi/vec4 1, 0, 1;
    %store/vec4 v000001424b2ebcc0_0, 0, 1;
    %delay 50, 0;
    %pushi/vec4 0, 0, 1;
    %store/vec4 v000001424b2ebcc0_0, 0, 1;
    %delay 80, 0;
    %pushi/vec4 1, 0, 1;
    %store/vec4 v000001424b2ebcc0_0, 0, 1;
    %delay 50, 0;
    %pushi/vec4 0, 0, 1;
    %store/vec4 v000001424b2ebcc0_0, 0, 1;
    %end;
    .thread T_4;
    .scope S_000001424b2ead90;
T_5 ;
    %delay 119, 0;
    %pushi/vec4 38, 0, 8;
    %store/vec4 v000001424b2ebb80_0, 0, 8;
    %end;
    .thread T_5;
    .scope S_000001424b2ead90;
T_6 ;
    %delay 350, 0;
    %vpi_call 2 75 "$finish" {0 0 0};
    %end;
    .thread T_6;
# The file index is used to find the file name in the following table.
:file_names 3;
    "N/A";
    "<interactive>";
    "uart.v";
